#
# There is insufficient memory for the Java Runtime Environment to continue.
# Native memory allocation (malloc) failed to allocate 238352 bytes for Chunk::new
# Possible reasons:
#   The system is out of physical RAM or swap space
#   The process is running with CompressedOops enabled, and the Java Heap may be blocking the growth of the native heap
# Possible solutions:
#   Reduce memory load on the system
#   Increase physical memory or swap space
#   Check if swap backing store is full
#   Decrease Java heap size (-Xmx/-Xms)
#   Decrease number of Java threads
#   Decrease Java thread stack sizes (-Xss)
#   Set larger code cache with -XX:ReservedCodeCacheSize=
#   JVM is running with Unscaled Compressed Oops mode in which the Java heap is
#     placed in the first 4GB address space. The Java Heap base address is the
#     maximum limit for the native heap growth. Please use -XX:HeapBaseMinAddress
#     to set the Java Heap base and to place the Java Heap above 4GB virtual address.
# This output file may be truncated or incomplete.
#
#  Out of Memory Error (arena.cpp:189), pid=6844, tid=11756
#
# JRE version: OpenJDK Runtime Environment Temurin-17.0.1+12 (17.0.1+12) (build 17.0.1+12)
# Java VM: OpenJDK 64-Bit Server VM Temurin-17.0.1+12 (17.0.1+12, mixed mode, tiered, compressed oops, compressed class ptrs, g1 gc, windows-amd64)
# No core dump will be written. Minidumps are not enabled by default on client versions of Windows
#

---------------  S U M M A R Y ------------

Command Line: -Dfile.encoding=UTF-8 -XX:+ShowCodeDetailsInExceptionMessages com.simon.jumiainterview.countryphonenumber.CountryPhoneNumberApplication

Host: Intel(R) Celeron(R) CPU  N3060  @ 1.60GHz, 2 cores, 3G,  Windows 10 , 64 bit Build 18362 (10.0.18362.1110)
Time: Tue Feb  8 14:21:40 2022 E. Africa Standard Time elapsed time: 4342.604088 seconds (0d 1h 12m 22s)

---------------  T H R E A D  ---------------

Current thread (0x0000025b7f771a30):  JavaThread "C2 CompilerThread0" daemon [_thread_in_native, id=11756, stack(0x000000d413900000,0x000000d413a00000)]


Current CompileTask:
C2:4342812 4839   !   4       java.util.concurrent.ThreadPoolExecutor::getTask (177 bytes)

Stack: [0x000000d413900000,0x000000d413a00000]
Native frames: (J=compiled Java code, j=interpreted, Vv=VM code, C=native code)
V  [jvm.dll+0x6744da]
V  [jvm.dll+0x82e144]
V  [jvm.dll+0x82f8ee]
V  [jvm.dll+0x82ff53]
V  [jvm.dll+0x245175]
V  [jvm.dll+0xab85b]
V  [jvm.dll+0xabdec]
V  [jvm.dll+0x11d527]
V  [jvm.dll+0x606d65]
V  [jvm.dll+0x605434]
V  [jvm.dll+0x217ea8]
V  [jvm.dll+0x217451]
V  [jvm.dll+0x1a355d]
V  [jvm.dll+0x226e38]
V  [jvm.dll+0x224f7c]
V  [jvm.dll+0x7e3f5b]
V  [jvm.dll+0x7de51a]
V  [jvm.dll+0x673305]
C  [ucrtbase.dll+0x210b2]
C  [KERNEL32.DLL+0x17c24]
C  [ntdll.dll+0x6d4d1]


---------------  P R O C E S S  ---------------

Threads class SMR info:
_java_thread_list=0x0000025b08ee9a60, length=23, elements={
0x0000025b7f7473e0, 0x0000025b7f748fc0, 0x0000025b7f714520, 0x0000025b7f715ef0,
0x0000025b7f7188b0, 0x0000025b7f719260, 0x0000025b7f771a30, 0x0000025b7f7b8e50,
0x0000025b03920f80, 0x0000025b03a3df70, 0x0000025b03a62220, 0x0000025b071f0fe0,
0x0000025b06d85530, 0x0000025b06d85a00, 0x0000025b05e87a10, 0x0000025b0585fed0,
0x0000025b0585f060, 0x0000025b058603a0, 0x0000025b0585f530, 0x0000025b0585fa00,
0x0000025b05860870, 0x0000025b058072a0, 0x0000025b05808ab0
}

Java Threads: ( => current thread )
  0x0000025b7f7473e0 JavaThread "Reference Handler" daemon [_thread_blocked, id=3332, stack(0x000000d413300000,0x000000d413400000)]
  0x0000025b7f748fc0 JavaThread "Finalizer" daemon [_thread_blocked, id=8784, stack(0x000000d413400000,0x000000d413500000)]
  0x0000025b7f714520 JavaThread "Signal Dispatcher" daemon [_thread_blocked, id=7740, stack(0x000000d413500000,0x000000d413600000)]
  0x0000025b7f715ef0 JavaThread "Attach Listener" daemon [_thread_blocked, id=1008, stack(0x000000d413600000,0x000000d413700000)]
  0x0000025b7f7188b0 JavaThread "Service Thread" daemon [_thread_blocked, id=7268, stack(0x000000d413700000,0x000000d413800000)]
  0x0000025b7f719260 JavaThread "Monitor Deflation Thread" daemon [_thread_blocked, id=8840, stack(0x000000d413800000,0x000000d413900000)]
=>0x0000025b7f771a30 JavaThread "C2 CompilerThread0" daemon [_thread_in_native, id=11756, stack(0x000000d413900000,0x000000d413a00000)]
  0x0000025b7f7b8e50 JavaThread "C1 CompilerThread0" daemon [_thread_blocked, id=2080, stack(0x000000d413a00000,0x000000d413b00000)]
  0x0000025b03920f80 JavaThread "Sweeper thread" daemon [_thread_blocked, id=8496, stack(0x000000d413b00000,0x000000d413c00000)]
  0x0000025b03a3df70 JavaThread "Notification Thread" daemon [_thread_blocked, id=2092, stack(0x000000d413c00000,0x000000d413d00000)]
  0x0000025b03a62220 JavaThread "Common-Cleaner" daemon [_thread_blocked, id=10648, stack(0x000000d413e00000,0x000000d413f00000)]
  0x0000025b071f0fe0 JavaThread "Catalina-utility-1" [_thread_blocked, id=8700, stack(0x000000d414200000,0x000000d414300000)]
  0x0000025b06d85530 JavaThread "Catalina-utility-2" [_thread_blocked, id=10236, stack(0x000000d414300000,0x000000d414400000)]
  0x0000025b06d85a00 JavaThread "container-0" [_thread_blocked, id=12204, stack(0x000000d414400000,0x000000d414500000)]
  0x0000025b05e87a10 JavaThread "HikariPool-1 housekeeper" daemon [_thread_blocked, id=6664, stack(0x000000d414500000,0x000000d414600000)]
  0x0000025b0585fed0 JavaThread "File Watcher" daemon [_thread_blocked, id=3248, stack(0x000000d414900000,0x000000d414a00000)]
  0x0000025b0585f060 JavaThread "Live Reload Server" daemon [_thread_in_native, id=10000, stack(0x000000d414b00000,0x000000d414c00000)]
  0x0000025b058603a0 JavaThread "http-nio-8000-Poller" daemon [_thread_in_native, id=6476, stack(0x000000d414a00000,0x000000d414b00000)]
  0x0000025b0585f530 JavaThread "http-nio-8000-Acceptor" daemon [_thread_in_native, id=3792, stack(0x000000d414c00000,0x000000d414d00000)]
  0x0000025b0585fa00 JavaThread "DestroyJavaVM" [_thread_blocked, id=4872, stack(0x000000d412c00000,0x000000d412d00000)]
  0x0000025b05860870 JavaThread "http-nio-8000-exec-1" daemon [_thread_blocked, id=11536, stack(0x000000d414000000,0x000000d414100000)]
  0x0000025b058072a0 JavaThread "http-nio-8000-exec-2" daemon [_thread_blocked, id=808, stack(0x000000d414100000,0x000000d414200000)]
  0x0000025b05808ab0 JavaThread "http-nio-8000-exec-3" daemon [_thread_blocked, id=7496, stack(0x000000d414d00000,0x000000d414e00000)]

Other Threads:
  0x0000025b7f730040 VMThread "VM Thread" [stack: 0x000000d413200000,0x000000d413300000] [id=1956]
  0x0000025b03a44860 WatcherThread [stack: 0x000000d413d00000,0x000000d413e00000] [id=11060]
  0x0000025b6bb8ce70 GCTaskThread "GC Thread#0" [stack: 0x000000d412d00000,0x000000d412e00000] [id=1128]
  0x0000025b03be56d0 GCTaskThread "GC Thread#1" [stack: 0x000000d413f00000,0x000000d414000000] [id=9908]
  0x0000025b6bb95af0 ConcurrentGCThread "G1 Main Marker" [stack: 0x000000d412e00000,0x000000d412f00000] [id=6964]
  0x0000025b6bb97ec0 ConcurrentGCThread "G1 Conc#0" [stack: 0x000000d412f00000,0x000000d413000000] [id=8228]
  0x0000025b6bbdd9b0 ConcurrentGCThread "G1 Refine#0" [stack: 0x000000d413000000,0x000000d413100000] [id=8384]
  0x0000025b05d82fc0 ConcurrentGCThread "G1 Refine#1" [stack: 0x000000d414700000,0x000000d414800000] [id=8360]
  0x0000025b6bbded80 ConcurrentGCThread "G1 Service" [stack: 0x000000d413100000,0x000000d413200000] [id=2772]

Threads with active compile tasks:
C2 CompilerThread0  4358010 4839   !   4       java.util.concurrent.ThreadPoolExecutor::getTask (177 bytes)

VM state: not at safepoint (normal execution)

VM Mutex/Monitor currently owned by a thread: None

Heap address: 0x00000000c1600000, size: 1002 MB, Compressed Oops mode: 32-bit

CDS archive(s) not mapped
Compressed class space mapped at: 0x0000000100000000-0x0000000140000000, reserved size: 1073741824
Narrow klass base: 0x0000000000000000, Narrow klass shift: 3, Narrow klass range: 0x140000000

GC Precious Log:
 CPUs: 2 total, 2 available
 Memory: 4001M
 Large Page Support: Disabled
 NUMA Support: Disabled
 Compressed Oops: Enabled (32-bit)
 Heap Region Size: 1M
 Heap Min Capacity: 8M
 Heap Initial Capacity: 64M
 Heap Max Capacity: 1002M
 Pre-touch: Disabled
 Parallel Workers: 2
 Concurrent Workers: 1
 Concurrent Refinement Workers: 2
 Periodic GC: Disabled

Heap:
 garbage-first heap   total 55296K, used 37129K [0x00000000c1600000, 0x0000000100000000)
  region size 1024K, 16 young (16384K), 1 survivors (1024K)
 Metaspace       used 60158K, committed 60608K, reserved 1105920K
  class space    used 7652K, committed 7872K, reserved 1048576K

Heap Regions: E=young(eden), S=young(survivor), O=old, HS=humongous(starts), HC=humongous(continues), CS=collection set, F=free, OA=open archive, CA=closed archive, TAMS=top-at-mark-start (previous, next)
|   0|0x00000000c1600000, 0x00000000c1700000, 0x00000000c1700000|100%|HS|  |TAMS 0x00000000c1700000, 0x00000000c1600000| Complete 
|   1|0x00000000c1700000, 0x00000000c1800000, 0x00000000c1800000|100%| O|  |TAMS 0x00000000c1800000, 0x00000000c1700000| Untracked 
|   2|0x00000000c1800000, 0x00000000c1900000, 0x00000000c1900000|100%| O|  |TAMS 0x00000000c1900000, 0x00000000c1800000| Untracked 
|   3|0x00000000c1900000, 0x00000000c1a00000, 0x00000000c1a00000|100%| O|  |TAMS 0x00000000c1a00000, 0x00000000c1900000| Untracked 
|   4|0x00000000c1a00000, 0x00000000c1b00000, 0x00000000c1b00000|100%| O|  |TAMS 0x00000000c1b00000, 0x00000000c1a00000| Untracked 
|   5|0x00000000c1b00000, 0x00000000c1c00000, 0x00000000c1c00000|100%| O|  |TAMS 0x00000000c1c00000, 0x00000000c1b00000| Untracked 
|   6|0x00000000c1c00000, 0x00000000c1d00000, 0x00000000c1d00000|100%| O|  |TAMS 0x00000000c1d00000, 0x00000000c1c00000| Untracked 
|   7|0x00000000c1d00000, 0x00000000c1e00000, 0x00000000c1e00000|100%| O|  |TAMS 0x00000000c1e00000, 0x00000000c1d00000| Untracked 
|   8|0x00000000c1e00000, 0x00000000c1f00000, 0x00000000c1f00000|100%| O|  |TAMS 0x00000000c1f00000, 0x00000000c1e00000| Untracked 
|   9|0x00000000c1f00000, 0x00000000c2000000, 0x00000000c2000000|100%| O|  |TAMS 0x00000000c2000000, 0x00000000c1f00000| Untracked 
|  10|0x00000000c2000000, 0x00000000c2100000, 0x00000000c2100000|100%| O|  |TAMS 0x00000000c2100000, 0x00000000c2000000| Untracked 
|  11|0x00000000c2100000, 0x00000000c2100000, 0x00000000c2200000|  0%| F|  |TAMS 0x00000000c2100000, 0x00000000c2100000| Untracked 
|  12|0x00000000c2200000, 0x00000000c2300000, 0x00000000c2300000|100%| O|  |TAMS 0x00000000c2300000, 0x00000000c2200000| Untracked 
|  13|0x00000000c2300000, 0x00000000c2400000, 0x00000000c2400000|100%| O|  |TAMS 0x00000000c2400000, 0x00000000c2300000| Untracked 
|  14|0x00000000c2400000, 0x00000000c2500000, 0x00000000c2500000|100%| O|  |TAMS 0x00000000c2500000, 0x00000000c2400000| Untracked 
|  15|0x00000000c2500000, 0x00000000c2600000, 0x00000000c2600000|100%| O|  |TAMS 0x00000000c2600000, 0x00000000c2500000| Untracked 
|  16|0x00000000c2600000, 0x00000000c2700000, 0x00000000c2700000|100%| O|  |TAMS 0x00000000c2700000, 0x00000000c2600000| Untracked 
|  17|0x00000000c2700000, 0x00000000c2800000, 0x00000000c2800000|100%| O|  |TAMS 0x00000000c2800000, 0x00000000c2700000| Untracked 
|  18|0x00000000c2800000, 0x00000000c2900000, 0x00000000c2900000|100%| O|  |TAMS 0x00000000c2900000, 0x00000000c2800000| Untracked 
|  19|0x00000000c2900000, 0x00000000c2a00000, 0x00000000c2a00000|100%| O|  |TAMS 0x00000000c2a00000, 0x00000000c2900000| Untracked 
|  20|0x00000000c2a00000, 0x00000000c2b00000, 0x00000000c2b00000|100%| O|  |TAMS 0x00000000c2ac7a00, 0x00000000c2a00000| Untracked 
|  21|0x00000000c2b00000, 0x00000000c2c00000, 0x00000000c2c00000|100%| O|  |TAMS 0x00000000c2b00000, 0x00000000c2b00000| Untracked 
|  22|0x00000000c2c00000, 0x00000000c2d00000, 0x00000000c2d00000|100%| O|  |TAMS 0x00000000c2c00000, 0x00000000c2c00000| Untracked 
|  23|0x00000000c2d00000, 0x00000000c2d1de00, 0x00000000c2e00000| 11%| O|  |TAMS 0x00000000c2d00000, 0x00000000c2d00000| Untracked 
|  24|0x00000000c2e00000, 0x00000000c2e00000, 0x00000000c2f00000|  0%| F|  |TAMS 0x00000000c2e00000, 0x00000000c2e00000| Untracked 
|  25|0x00000000c2f00000, 0x00000000c2f00000, 0x00000000c3000000|  0%| F|  |TAMS 0x00000000c2f00000, 0x00000000c2f00000| Untracked 
|  26|0x00000000c3000000, 0x00000000c3000000, 0x00000000c3100000|  0%| F|  |TAMS 0x00000000c3000000, 0x00000000c3000000| Untracked 
|  27|0x00000000c3100000, 0x00000000c3100000, 0x00000000c3200000|  0%| F|  |TAMS 0x00000000c3100000, 0x00000000c3100000| Untracked 
|  28|0x00000000c3200000, 0x00000000c3200000, 0x00000000c3300000|  0%| F|  |TAMS 0x00000000c3200000, 0x00000000c3200000| Untracked 
|  29|0x00000000c3300000, 0x00000000c3300000, 0x00000000c3400000|  0%| F|  |TAMS 0x00000000c3300000, 0x00000000c3300000| Untracked 
|  30|0x00000000c3400000, 0x00000000c3400000, 0x00000000c3500000|  0%| F|  |TAMS 0x00000000c3400000, 0x00000000c3400000| Untracked 
|  31|0x00000000c3500000, 0x00000000c3500000, 0x00000000c3600000|  0%| F|  |TAMS 0x00000000c3500000, 0x00000000c3500000| Untracked 
|  32|0x00000000c3600000, 0x00000000c3600000, 0x00000000c3700000|  0%| F|  |TAMS 0x00000000c3600000, 0x00000000c3600000| Untracked 
|  33|0x00000000c3700000, 0x00000000c3700000, 0x00000000c3800000|  0%| F|  |TAMS 0x00000000c3700000, 0x00000000c3700000| Untracked 
|  34|0x00000000c3800000, 0x00000000c3800000, 0x00000000c3900000|  0%| F|  |TAMS 0x00000000c3800000, 0x00000000c3800000| Untracked 
|  35|0x00000000c3900000, 0x00000000c3900000, 0x00000000c3a00000|  0%| F|  |TAMS 0x00000000c3900000, 0x00000000c3900000| Untracked 
|  36|0x00000000c3a00000, 0x00000000c3a00000, 0x00000000c3b00000|  0%| F|  |TAMS 0x00000000c3a00000, 0x00000000c3a00000| Untracked 
|  37|0x00000000c3b00000, 0x00000000c3b00000, 0x00000000c3c00000|  0%| F|  |TAMS 0x00000000c3b00000, 0x00000000c3b00000| Untracked 
|  38|0x00000000c3c00000, 0x00000000c3d00000, 0x00000000c3d00000|100%| E|  |TAMS 0x00000000c3c00000, 0x00000000c3c00000| Complete 
|  39|0x00000000c3d00000, 0x00000000c3e00000, 0x00000000c3e00000|100%| E|CS|TAMS 0x00000000c3d00000, 0x00000000c3d00000| Complete 
|  40|0x00000000c3e00000, 0x00000000c3f00000, 0x00000000c3f00000|100%| E|CS|TAMS 0x00000000c3e00000, 0x00000000c3e00000| Complete 
|  41|0x00000000c3f00000, 0x00000000c4000000, 0x00000000c4000000|100%| E|CS|TAMS 0x00000000c3f00000, 0x00000000c3f00000| Complete 
|  42|0x00000000c4000000, 0x00000000c4100000, 0x00000000c4100000|100%| E|CS|TAMS 0x00000000c4000000, 0x00000000c4000000| Complete 
|  43|0x00000000c4100000, 0x00000000c4200000, 0x00000000c4200000|100%| E|CS|TAMS 0x00000000c4100000, 0x00000000c4100000| Complete 
|  44|0x00000000c4200000, 0x00000000c4300000, 0x00000000c4300000|100%| E|CS|TAMS 0x00000000c4200000, 0x00000000c4200000| Complete 
|  45|0x00000000c4300000, 0x00000000c4400000, 0x00000000c4400000|100%| E|CS|TAMS 0x00000000c4300000, 0x00000000c4300000| Complete 
|  46|0x00000000c4400000, 0x00000000c4500000, 0x00000000c4500000|100%| E|CS|TAMS 0x00000000c4400000, 0x00000000c4400000| Complete 
|  47|0x00000000c4500000, 0x00000000c4600000, 0x00000000c4600000|100%| E|CS|TAMS 0x00000000c4500000, 0x00000000c4500000| Complete 
|  48|0x00000000c4600000, 0x00000000c4700000, 0x00000000c4700000|100%| E|CS|TAMS 0x00000000c4600000, 0x00000000c4600000| Complete 
|  49|0x00000000c4700000, 0x00000000c4800000, 0x00000000c4800000|100%| E|CS|TAMS 0x00000000c4700000, 0x00000000c4700000| Complete 
|  65|0x00000000c5700000, 0x00000000c5800000, 0x00000000c5800000|100%| E|CS|TAMS 0x00000000c5700000, 0x00000000c5700000| Complete 
|  66|0x00000000c5800000, 0x00000000c5900000, 0x00000000c5900000|100%| E|CS|TAMS 0x00000000c5800000, 0x00000000c5800000| Complete 
|  67|0x00000000c5900000, 0x00000000c5924738, 0x00000000c5a00000| 14%| S|CS|TAMS 0x00000000c5900000, 0x00000000c5900000| Complete 
|  68|0x00000000c5a00000, 0x00000000c5b00000, 0x00000000c5b00000|100%| E|CS|TAMS 0x00000000c5a00000, 0x00000000c5a00000| Complete 

Card table byte_map: [0x0000025b6b920000,0x0000025b6bb20000] _byte_map_base: 0x0000025b6b315000

Marking Bits (Prev, Next): (CMBitMap*) 0x0000025b6bb8d4c0, (CMBitMap*) 0x0000025b6bb8d480
 Prev Bits: [0x0000025b00000000, 0x0000025b00fa8000)
 Next Bits: [0x0000025b7e3f0000, 0x0000025b7f398000)

Polling page: 0x0000025b69970000

Metaspace:

Usage:
  Non-class:     51.28 MB used.
      Class:      7.47 MB used.
       Both:     58.75 MB used.

Virtual space:
  Non-class space:       56.00 MB reserved,      51.50 MB ( 92%) committed,  7 nodes.
      Class space:        1.00 GB reserved,       7.69 MB ( <1%) committed,  1 nodes.
             Both:        1.05 GB reserved,      59.19 MB (  5%) committed. 

Chunk freelists:
   Non-Class:  3.80 MB
       Class:  237.00 KB
        Both:  4.03 MB

MaxMetaspaceSize: unlimited
CompressedClassSpaceSize: 1.00 GB
Initial GC threshold: 21.00 MB
Current GC threshold: 97.94 MB
CDS: off
MetaspaceReclaimPolicy: balanced
 - commit_granule_bytes: 65536.
 - commit_granule_words: 8192.
 - virtual_space_node_default_size: 1048576.
 - enlarge_chunks_in_place: 1.
 - new_chunks_are_fully_committed: 0.
 - uncommit_free_chunks: 1.
 - use_allocation_guard: 0.
 - handle_deallocations: 1.


Internal statistics:

num_allocs_failed_limit: 9.
num_arena_births: 392.
num_arena_deaths: 0.
num_vsnodes_births: 8.
num_vsnodes_deaths: 0.
num_space_committed: 947.
num_space_uncommitted: 0.
num_chunks_returned_to_freelist: 9.
num_chunks_taken_from_freelist: 2288.
num_chunk_merges: 6.
num_chunk_splits: 1629.
num_chunks_enlarged: 1277.
num_purges: 0.
num_inconsistent_stats: 0.

CodeHeap 'non-profiled nmethods': size=120064Kb used=2146Kb max_used=2614Kb free=117917Kb
 bounds [0x0000025b76cb0000, 0x0000025b76f40000, 0x0000025b7e1f0000]
CodeHeap 'profiled nmethods': size=120000Kb used=7762Kb max_used=9662Kb free=112237Kb
 bounds [0x0000025b6f780000, 0x0000025b700f0000, 0x0000025b76cb0000]
CodeHeap 'non-nmethods': size=5696Kb used=1257Kb max_used=1302Kb free=4438Kb
 bounds [0x0000025b6f1f0000, 0x0000025b6f460000, 0x0000025b6f780000]
 total_blobs=4671 nmethods=4096 adapters=488
 compilation: enabled
              stopped_count=0, restarted_count=0
 full_count=0

Compilation events (20 events):
Event: 4267.780 Thread 0x0000025b7f771a30 nmethod 4835 0x0000025b76d89a10 code [0x0000025b76d89ba0, 0x0000025b76d89c88]
Event: 4277.775 Thread 0x0000025b7f771a30 4836       4       java.util.HashMap::valuesToArray (81 bytes)
Event: 4279.153 Thread 0x0000025b7f771a30 nmethod 4836 0x0000025b76e36890 code [0x0000025b76e36a20, 0x0000025b76e36f78]
Event: 4320.933 Thread 0x0000025b7f7b8e50 4837       3       java.util.Calendar::isFieldSet (14 bytes)
Event: 4320.971 Thread 0x0000025b7f7b8e50 nmethod 4837 0x0000025b6fc39a10 code [0x0000025b6fc39ba0, 0x0000025b6fc39cf8]
Event: 4322.320 Thread 0x0000025b7f771a30 4838       4       java.util.concurrent.ThreadPoolExecutor$Worker::unlock (7 bytes)
Event: 4322.325 Thread 0x0000025b7f771a30 nmethod 4838 0x0000025b76e38990 code [0x0000025b76e38b20, 0x0000025b76e38c88]
Event: 4327.377 Thread 0x0000025b7f771a30 4839   !   4       java.util.concurrent.ThreadPoolExecutor::getTask (177 bytes)
Event: 4333.070 Thread 0x0000025b7f7b8e50 4841       1       com.zaxxer.hikari.HikariConfig::getMinimumIdle (5 bytes)
Event: 4333.071 Thread 0x0000025b7f7b8e50 nmethod 4841 0x0000025b76d74a10 code [0x0000025b76d74ba0, 0x0000025b76d74c78]
Event: 4333.118 Thread 0x0000025b7f7b8e50 4842       3       sun.util.calendar.ZoneInfo::getLastRawOffset (10 bytes)
Event: 4333.119 Thread 0x0000025b7f7b8e50 nmethod 4842 0x0000025b6fccba90 code [0x0000025b6fccbc20, 0x0000025b6fccbd38]
Event: 4333.127 Thread 0x0000025b7f7b8e50 4843       3       java.util.Properties::getProperty (16 bytes)
Event: 4333.128 Thread 0x0000025b7f7b8e50 nmethod 4843 0x0000025b6f8f1690 code [0x0000025b6f8f1840, 0x0000025b6f8f1a68]
Event: 4333.130 Thread 0x0000025b7f7b8e50 4844       3       java.io.File::<init> (20 bytes)
Event: 4333.131 Thread 0x0000025b7f7b8e50 nmethod 4844 0x0000025b6f938090 code [0x0000025b6f938220, 0x0000025b6f938418]
Event: 4333.144 Thread 0x0000025b7f7b8e50 4845       3       java.nio.charset.Charset::forName (20 bytes)
Event: 4335.465 Thread 0x0000025b7f7b8e50 nmethod 4845 0x0000025b6f97c790 code [0x0000025b6f97c940, 0x0000025b6f97cb38]
Event: 4335.465 Thread 0x0000025b7f7b8e50 4846       1       org.sqlite.core.CoreResultSet::isOpen (5 bytes)
Event: 4335.702 Thread 0x0000025b7f7b8e50 nmethod 4846 0x0000025b76cfd390 code [0x0000025b76cfd520, 0x0000025b76cfd5f8]

GC Heap History (20 events):
Event: 1608.462 GC heap before
{Heap before GC invocations=22 (full 0):
 garbage-first heap   total 55296K, used 23832K [0x00000000c1600000, 0x0000000100000000)
  region size 1024K, 2 young (2048K), 1 survivors (1024K)
 Metaspace       used 60150K, committed 60608K, reserved 1105920K
  class space    used 7652K, committed 7872K, reserved 1048576K
}
Event: 1608.482 GC heap after
{Heap after GC invocations=23 (full 0):
 garbage-first heap   total 55296K, used 22786K [0x00000000c1600000, 0x0000000100000000)
  region size 1024K, 1 young (1024K), 1 survivors (1024K)
 Metaspace       used 60150K, committed 60608K, reserved 1105920K
  class space    used 7652K, committed 7872K, reserved 1048576K
}
Event: 1681.714 GC heap before
{Heap before GC invocations=23 (full 0):
 garbage-first heap   total 55296K, used 23810K [0x00000000c1600000, 0x0000000100000000)
  region size 1024K, 2 young (2048K), 1 survivors (1024K)
 Metaspace       used 60150K, committed 60608K, reserved 1105920K
  class space    used 7652K, committed 7872K, reserved 1048576K
}
Event: 1681.740 GC heap after
{Heap after GC invocations=24 (full 0):
 garbage-first heap   total 55296K, used 22784K [0x00000000c1600000, 0x0000000100000000)
  region size 1024K, 1 young (1024K), 1 survivors (1024K)
 Metaspace       used 60150K, committed 60608K, reserved 1105920K
  class space    used 7652K, committed 7872K, reserved 1048576K
}
Event: 1755.663 GC heap before
{Heap before GC invocations=24 (full 0):
 garbage-first heap   total 55296K, used 23808K [0x00000000c1600000, 0x0000000100000000)
  region size 1024K, 2 young (2048K), 1 survivors (1024K)
 Metaspace       used 60150K, committed 60608K, reserved 1105920K
  class space    used 7652K, committed 7872K, reserved 1048576K
}
Event: 1755.700 GC heap after
{Heap after GC invocations=25 (full 0):
 garbage-first heap   total 55296K, used 22781K [0x00000000c1600000, 0x0000000100000000)
  region size 1024K, 1 young (1024K), 1 survivors (1024K)
 Metaspace       used 60150K, committed 60608K, reserved 1105920K
  class space    used 7652K, committed 7872K, reserved 1048576K
}
Event: 1823.284 GC heap before
{Heap before GC invocations=25 (full 0):
 garbage-first heap   total 55296K, used 23805K [0x00000000c1600000, 0x0000000100000000)
  region size 1024K, 2 young (2048K), 1 survivors (1024K)
 Metaspace       used 60152K, committed 60608K, reserved 1105920K
  class space    used 7652K, committed 7872K, reserved 1048576K
}
Event: 1823.326 GC heap after
{Heap after GC invocations=26 (full 0):
 garbage-first heap   total 55296K, used 22788K [0x00000000c1600000, 0x0000000100000000)
  region size 1024K, 1 young (1024K), 1 survivors (1024K)
 Metaspace       used 60152K, committed 60608K, reserved 1105920K
  class space    used 7652K, committed 7872K, reserved 1048576K
}
Event: 1896.187 GC heap before
{Heap before GC invocations=26 (full 0):
 garbage-first heap   total 55296K, used 23812K [0x00000000c1600000, 0x0000000100000000)
  region size 1024K, 2 young (2048K), 1 survivors (1024K)
 Metaspace       used 60152K, committed 60608K, reserved 1105920K
  class space    used 7652K, committed 7872K, reserved 1048576K
}
Event: 1896.234 GC heap after
{Heap after GC invocations=27 (full 0):
 garbage-first heap   total 55296K, used 22796K [0x00000000c1600000, 0x0000000100000000)
  region size 1024K, 1 young (1024K), 1 survivors (1024K)
 Metaspace       used 60152K, committed 60608K, reserved 1105920K
  class space    used 7652K, committed 7872K, reserved 1048576K
}
Event: 1970.228 GC heap before
{Heap before GC invocations=27 (full 0):
 garbage-first heap   total 55296K, used 23820K [0x00000000c1600000, 0x0000000100000000)
  region size 1024K, 2 young (2048K), 1 survivors (1024K)
 Metaspace       used 60152K, committed 60608K, reserved 1105920K
  class space    used 7652K, committed 7872K, reserved 1048576K
}
Event: 1970.245 GC heap after
{Heap after GC invocations=28 (full 0):
 garbage-first heap   total 55296K, used 22788K [0x00000000c1600000, 0x0000000100000000)
  region size 1024K, 1 young (1024K), 1 survivors (1024K)
 Metaspace       used 60152K, committed 60608K, reserved 1105920K
  class space    used 7652K, committed 7872K, reserved 1048576K
}
Event: 2044.779 GC heap before
{Heap before GC invocations=28 (full 0):
 garbage-first heap   total 55296K, used 23812K [0x00000000c1600000, 0x0000000100000000)
  region size 1024K, 2 young (2048K), 1 survivors (1024K)
 Metaspace       used 60153K, committed 60608K, reserved 1105920K
  class space    used 7652K, committed 7872K, reserved 1048576K
}
Event: 2044.783 GC heap after
{Heap after GC invocations=29 (full 0):
 garbage-first heap   total 55296K, used 22797K [0x00000000c1600000, 0x0000000100000000)
  region size 1024K, 1 young (1024K), 1 survivors (1024K)
 Metaspace       used 60153K, committed 60608K, reserved 1105920K
  class space    used 7652K, committed 7872K, reserved 1048576K
}
Event: 2119.544 GC heap before
{Heap before GC invocations=29 (full 0):
 garbage-first heap   total 55296K, used 23821K [0x00000000c1600000, 0x0000000100000000)
  region size 1024K, 2 young (2048K), 1 survivors (1024K)
 Metaspace       used 60153K, committed 60608K, reserved 1105920K
  class space    used 7652K, committed 7872K, reserved 1048576K
}
Event: 2119.548 GC heap after
{Heap after GC invocations=30 (full 0):
 garbage-first heap   total 55296K, used 22788K [0x00000000c1600000, 0x0000000100000000)
  region size 1024K, 1 young (1024K), 1 survivors (1024K)
 Metaspace       used 60153K, committed 60608K, reserved 1105920K
  class space    used 7652K, committed 7872K, reserved 1048576K
}
Event: 2193.343 GC heap before
{Heap before GC invocations=30 (full 0):
 garbage-first heap   total 55296K, used 23812K [0x00000000c1600000, 0x0000000100000000)
  region size 1024K, 2 young (2048K), 1 survivors (1024K)
 Metaspace       used 60153K, committed 60608K, reserved 1105920K
  class space    used 7652K, committed 7872K, reserved 1048576K
}
Event: 2193.346 GC heap after
{Heap after GC invocations=31 (full 0):
 garbage-first heap   total 55296K, used 22787K [0x00000000c1600000, 0x0000000100000000)
  region size 1024K, 1 young (1024K), 1 survivors (1024K)
 Metaspace       used 60153K, committed 60608K, reserved 1105920K
  class space    used 7652K, committed 7872K, reserved 1048576K
}
Event: 2268.184 GC heap before
{Heap before GC invocations=31 (full 0):
 garbage-first heap   total 55296K, used 23811K [0x00000000c1600000, 0x0000000100000000)
  region size 1024K, 2 young (2048K), 1 survivors (1024K)
 Metaspace       used 60153K, committed 60608K, reserved 1105920K
  class space    used 7652K, committed 7872K, reserved 1048576K
}
Event: 2268.197 GC heap after
{Heap after GC invocations=32 (full 0):
 garbage-first heap   total 55296K, used 22793K [0x00000000c1600000, 0x0000000100000000)
  region size 1024K, 1 young (1024K), 1 survivors (1024K)
 Metaspace       used 60153K, committed 60608K, reserved 1105920K
  class space    used 7652K, committed 7872K, reserved 1048576K
}

Deoptimization events (20 events):
Event: 4280.794 Thread 0x0000025b05e87a10 Uncommon trap: trap_request=0xffffff45 fr.pc=0x0000025b76da6258 relative=0x00000000000000b8
Event: 4280.794 Thread 0x0000025b05e87a10 Uncommon trap: reason=unstable_if action=reinterpret pc=0x0000025b76da6258 method=java.util.concurrent.TimeUnit.convert(JLjava/util/concurrent/TimeUnit;)J @ 8 c2
Event: 4280.794 Thread 0x0000025b05e87a10 DEOPT PACKING pc=0x0000025b76da6258 sp=0x000000d4145ff180
Event: 4280.794 Thread 0x0000025b05e87a10 DEOPT UNPACKING pc=0x0000025b6f24239d sp=0x000000d4145ff130 mode 2
Event: 4287.776 Thread 0x0000025b071f0fe0 Uncommon trap: trap_request=0xffffffd6 fr.pc=0x0000025b76e36e40 relative=0x0000000000000420
Event: 4287.776 Thread 0x0000025b071f0fe0 Uncommon trap: reason=array_check action=maybe_recompile pc=0x0000025b76e36e40 method=java.util.HashMap.valuesToArray([Ljava/lang/Object;)[Ljava/lang/Object; @ 62 c2
Event: 4287.776 Thread 0x0000025b071f0fe0 DEOPT PACKING pc=0x0000025b76e36e40 sp=0x000000d4142fed60
Event: 4288.398 Thread 0x0000025b071f0fe0 DEOPT UNPACKING pc=0x0000025b6f24239d sp=0x000000d4142fece8 mode 2
Event: 4288.398 Thread 0x0000025b071f0fe0 Uncommon trap: trap_request=0xffffffd6 fr.pc=0x0000025b76e36e40 relative=0x0000000000000420
Event: 4288.398 Thread 0x0000025b071f0fe0 Uncommon trap: reason=array_check action=maybe_recompile pc=0x0000025b76e36e40 method=java.util.HashMap.valuesToArray([Ljava/lang/Object;)[Ljava/lang/Object; @ 62 c2
Event: 4288.398 Thread 0x0000025b071f0fe0 DEOPT PACKING pc=0x0000025b76e36e40 sp=0x000000d4142feca0
Event: 4288.398 Thread 0x0000025b071f0fe0 DEOPT UNPACKING pc=0x0000025b6f24239d sp=0x000000d4142fec28 mode 2
Event: 4288.398 Thread 0x0000025b071f0fe0 Uncommon trap: trap_request=0xffffffd6 fr.pc=0x0000025b76e36e40 relative=0x0000000000000420
Event: 4288.398 Thread 0x0000025b071f0fe0 Uncommon trap: reason=array_check action=maybe_recompile pc=0x0000025b76e36e40 method=java.util.HashMap.valuesToArray([Ljava/lang/Object;)[Ljava/lang/Object; @ 62 c2
Event: 4288.399 Thread 0x0000025b071f0fe0 DEOPT PACKING pc=0x0000025b76e36e40 sp=0x000000d4142febe0
Event: 4288.399 Thread 0x0000025b071f0fe0 DEOPT UNPACKING pc=0x0000025b6f24239d sp=0x000000d4142feb68 mode 2
Event: 4298.399 Thread 0x0000025b071f0fe0 Uncommon trap: trap_request=0xffffffd6 fr.pc=0x0000025b76e36e40 relative=0x0000000000000420
Event: 4298.399 Thread 0x0000025b071f0fe0 Uncommon trap: reason=array_check action=maybe_recompile pc=0x0000025b76e36e40 method=java.util.HashMap.valuesToArray([Ljava/lang/Object;)[Ljava/lang/Object; @ 62 c2
Event: 4298.399 Thread 0x0000025b071f0fe0 DEOPT PACKING pc=0x0000025b76e36e40 sp=0x000000d4142fed60
Event: 4298.399 Thread 0x0000025b071f0fe0 DEOPT UNPACKING pc=0x0000025b6f24239d sp=0x000000d4142fece8 mode 2

Classes unloaded (0 events):
No events

Classes redefined (0 events):
No events

Internal exceptions (20 events):
Event: 36.906 Thread 0x0000025b0413a000 Exception <a 'java/lang/ClassNotFoundException'{0x00000000c3e7ceb0}: org/springframework/web/servlet/config/annotation/WebMvcConfigurationSupportCustomizer> (0x00000000c3e7ceb0) 
thrown [e:\jenkins\tmp\workspace\build\src\src\hotspot\share\classfile\systemDictionary.cpp, line 256]
Event: 36.918 Thread 0x0000025b0413a000 Exception <a 'java/lang/ClassNotFoundException'{0x00000000c3e90d50}: org/springframework/web/servlet/config/annotation/DelegatingWebMvcConfigurationCustomizer> (0x00000000c3e90d50) 
thrown [e:\jenkins\tmp\workspace\build\src\src\hotspot\share\classfile\systemDictionary.cpp, line 256]
Event: 36.921 Thread 0x0000025b0413a000 Exception <a 'java/lang/ClassNotFoundException'{0x00000000c3e99e98}: org/springframework/boot/autoconfigure/web/servlet/WebMvcAutoConfiguration$EnableWebMvcConfigurationCustomizer> (0x00000000c3e99e98) 
thrown [e:\jenkins\tmp\workspace\build\src\src\hotspot\share\classfile\systemDictionary.cpp, line 256]
Event: 36.926 Thread 0x0000025b0413a000 Exception <a 'java/lang/ClassNotFoundException'{0x00000000c3ead300}: org/springframework/context/ResourceLoaderAwareCustomizer> (0x00000000c3ead300) 
thrown [e:\jenkins\tmp\workspace\build\src\src\hotspot\share\classfile\systemDictionary.cpp, line 256]
Event: 36.928 Thread 0x0000025b0413a000 Exception <a 'java/lang/ClassNotFoundException'{0x00000000c3eb1fa0}: org/springframework/beans/factory/AwareCustomizer> (0x00000000c3eb1fa0) 
thrown [e:\jenkins\tmp\workspace\build\src\src\hotspot\share\classfile\systemDictionary.cpp, line 256]
Event: 36.929 Thread 0x0000025b0413a000 Exception <a 'java/lang/ClassNotFoundException'{0x00000000c3eb6080}: org/springframework/context/ApplicationContextAwareCustomizer> (0x00000000c3eb6080) 
thrown [e:\jenkins\tmp\workspace\build\src\src\hotspot\share\classfile\systemDictionary.cpp, line 256]
Event: 36.931 Thread 0x0000025b0413a000 Exception <a 'java/lang/ClassNotFoundException'{0x00000000c3ebb810}: org/springframework/beans/factory/AwareCustomizer> (0x00000000c3ebb810) 
thrown [e:\jenkins\tmp\workspace\build\src\src\hotspot\share\classfile\systemDictionary.cpp, line 256]
Event: 36.932 Thread 0x0000025b0413a000 Exception <a 'java/lang/ClassNotFoundException'{0x00000000c3ebf8c8}: org/springframework/web/context/ServletContextAwareCustomizer> (0x00000000c3ebf8c8) 
thrown [e:\jenkins\tmp\workspace\build\src\src\hotspot\share\classfile\systemDictionary.cpp, line 256]
Event: 36.934 Thread 0x0000025b0413a000 Exception <a 'java/lang/ClassNotFoundException'{0x00000000c3ec49a0}: org/springframework/beans/factory/AwareCustomizer> (0x00000000c3ec49a0) 
thrown [e:\jenkins\tmp\workspace\build\src\src\hotspot\share\classfile\systemDictionary.cpp, line 256]
Event: 37.808 Thread 0x0000025b0413a000 Exception <a 'java/lang/NoSuchMethodError'{0x00000000c38eddf0}: 'void java.lang.invoke.DirectMethodHandle$Holder.invokeVirtual(java.lang.Object, java.lang.Object, int)'> (0x00000000c38eddf0) 
thrown [e:\jenkins\tmp\workspace\build\src\src\hotspot\share\interpreter\linkResolver.cpp, line 766]
Event: 37.821 Thread 0x0000025b0413a000 Exception <a 'java/lang/NoSuchMethodError'{0x00000000c3708c48}: 'void java.lang.invoke.DirectMethodHandle$Holder.invokeVirtual(java.lang.Object, java.lang.Object, long)'> (0x00000000c3708c48) 
thrown [e:\jenkins\tmp\workspace\build\src\src\hotspot\share\interpreter\linkResolver.cpp, line 766]
Event: 38.458 Thread 0x0000025b0413a000 Exception <a 'java/lang/IncompatibleClassChangeError'{0x00000000c580cc90}: Found class java.lang.Object, but interface was expected> (0x00000000c580cc90) 
thrown [e:\jenkins\tmp\workspace\build\src\src\hotspot\share\interpreter\linkResolver.cpp, line 833]
Event: 38.867 Thread 0x0000025b0413a000 Exception <a 'java/lang/NoSuchMethodError'{0x00000000c577e288}: 'int java.lang.invoke.DirectMethodHandle$Holder.invokeStaticInit(java.lang.Object, java.lang.Object, java.lang.Object, java.lang.Object)'> (0x00000000c577e288) 
thrown [e:\jenkins\tmp\workspace\build\src\src\hotspot\share\interpreter\linkResolver.cpp, line 766]
Event: 39.023 Thread 0x0000025b0413a000 Implicit null exception at 0x0000025b76de1d3a to 0x0000025b76de1f30
Event: 39.445 Thread 0x0000025b0413a000 Exception <a 'java/lang/NoSuchMethodError'{0x00000000c433ad58}: 'java.lang.Object java.lang.invoke.DirectMethodHandle$Holder.invokeSpecial(java.lang.Object, java.lang.Object, int, java.lang.Object, int, java.lang.Object)'> (0x00000000c433ad58) 
thrown [e:\jenkins\tmp\workspace\build\src\src\hotspot\share\interpreter\linkResolver.cpp, line 766]
Event: 39.449 Thread 0x0000025b0413a000 Exception <a 'java/lang/NoSuchMethodError'{0x00000000c4342e00}: 'java.lang.Object java.lang.invoke.DirectMethodHandle$Holder.newInvokeSpecial(java.lang.Object, java.lang.Object, int, java.lang.Object, int)'> (0x00000000c4342e00) 
thrown [e:\jenkins\tmp\workspace\build\src\src\hotspot\share\interpreter\linkResolver.cpp, line 766]
Event: 39.453 Thread 0x0000025b0413a000 Exception <a 'java/lang/NoSuchMethodError'{0x00000000c4346f00}: 'java.lang.Object java.lang.invoke.DirectMethodHandle$Holder.invokeSpecial(java.lang.Object, java.lang.Object, java.lang.Object, int, java.lang.Object, int)'> (0x00000000c4346f00) 
thrown [e:\jenkins\tmp\workspace\build\src\src\hotspot\share\interpreter\linkResolver.cpp, line 766]
Event: 39.472 Thread 0x0000025b0413a000 Exception <a 'java/lang/NoSuchMethodError'{0x00000000c4350cf8}: 'void java.lang.invoke.DirectMethodHandle$Holder.invokeVirtual(java.lang.Object, java.lang.Object)'> (0x00000000c4350cf8) 
thrown [e:\jenkins\tmp\workspace\build\src\src\hotspot\share\interpreter\linkResolver.cpp, line 766]
Event: 47.632 Thread 0x0000025b05860870 Exception <a 'java/lang/NoSuchMethodError'{0x00000000c3798ec0}: 'java.lang.Object java.lang.invoke.DirectMethodHandle$Holder.invokeInterface(java.lang.Object, java.lang.Object, java.lang.Object, java.lang.Object)'> (0x00000000c3798ec0) 
thrown [e:\jenkins\tmp\workspace\build\src\src\hotspot\share\interpreter\linkResolver.cpp, line 766]
Event: 47.955 Thread 0x0000025b05860870 Exception <a 'java/lang/NoSuchMethodError'{0x00000000c36a5028}: 'java.lang.Object java.lang.invoke.DirectMethodHandle$Holder.invokeStaticInit(java.lang.Object, java.lang.Object, java.lang.Object, java.lang.Object, java.lang.Object, java.lang.Object)'> (0x00000000c36a5028) 
thrown [e:\jenkins\tmp\workspace\build\src\src\hotspot\share\interpreter\linkResolver.cpp, line 766]

VM Operations (20 events):
Event: 2268.184 Executing VM operation: G1CollectForAllocation
Event: 2268.197 Executing VM operation: G1CollectForAllocation done
Event: 2381.260 Executing VM operation: Cleanup
Event: 2381.260 Executing VM operation: Cleanup done
Event: 2784.479 Executing VM operation: Cleanup
Event: 2784.515 Executing VM operation: Cleanup done
Event: 3148.698 Executing VM operation: Cleanup
Event: 3148.709 Executing VM operation: Cleanup done
Event: 3219.745 Executing VM operation: Cleanup
Event: 3219.746 Executing VM operation: Cleanup done
Event: 3229.749 Executing VM operation: Cleanup
Event: 3229.750 Executing VM operation: Cleanup done
Event: 4268.616 Executing VM operation: Cleanup
Event: 4268.616 Executing VM operation: Cleanup done
Event: 4274.620 Executing VM operation: Cleanup
Event: 4274.620 Executing VM operation: Cleanup done
Event: 4288.632 Executing VM operation: Cleanup
Event: 4288.765 Executing VM operation: Cleanup done
Event: 4298.770 Executing VM operation: Cleanup
Event: 4298.874 Executing VM operation: Cleanup done

Events (20 events):
Event: 49.024 Thread 0x0000025b03920f80 flushing nmethod 0x0000025b7008eb10
Event: 49.024 Thread 0x0000025b03920f80 flushing nmethod 0x0000025b70093a90
Event: 49.026 Thread 0x0000025b03920f80 flushing nmethod 0x0000025b700bad10
Event: 49.026 Thread 0x0000025b03920f80 flushing nmethod 0x0000025b700bc490
Event: 49.026 Thread 0x0000025b03920f80 flushing nmethod 0x0000025b700cf610
Event: 49.027 loading class sun/nio/cs/Surrogate$Parser
Event: 49.029 loading class sun/nio/cs/Surrogate$Parser done
Event: 49.029 loading class sun/nio/cs/Surrogate
Event: 49.029 loading class sun/nio/cs/Surrogate done
Event: 56.500 Thread 0x0000025b05808ab0 Thread added: 0x0000025b05808ab0
Event: 1800.747 Thread 0x0000025b05808f80 Thread added: 0x0000025b05808f80
Event: 1801.037 Thread 0x0000025b05803410 Thread added: 0x0000025b05803410
Event: 1821.005 Thread 0x0000025b05808f80 Thread exited: 0x0000025b05808f80
Event: 1821.006 Thread 0x0000025b05803410 Thread exited: 0x0000025b05803410
Event: 1826.596 Thread 0x0000025b05809920 Thread added: 0x0000025b05809920
Event: 1826.608 Thread 0x0000025b05807770 Thread added: 0x0000025b05807770
Event: 1831.599 Thread 0x0000025b05809920 Thread exited: 0x0000025b05809920
Event: 1831.612 Thread 0x0000025b05807770 Thread exited: 0x0000025b05807770
Event: 4333.056 Thread 0x0000025b05807c40 Thread added: 0x0000025b05807c40
Event: 4333.068 Thread 0x0000025b05808f80 Thread added: 0x0000025b05808f80


Dynamic libraries:
0x00007ff671d40000 - 0x00007ff671d4e000 	C:\Users\SIMON\.p2\pool\plugins\org.eclipse.justj.openjdk.hotspot.jre.full.win32.x86_64_17.0.1.v20211116-1657\jre\bin\javaw.exe
0x00007ffb08e60000 - 0x00007ffb09050000 	C:\WINDOWS\SYSTEM32\ntdll.dll
0x00007ffaf9830000 - 0x00007ffaf9845000 	C:\Program Files\Avast Software\Avast\aswhook.dll
0x00007ffb08d00000 - 0x00007ffb08db2000 	C:\WINDOWS\System32\KERNEL32.DLL
0x00007ffb06710000 - 0x00007ffb069b5000 	C:\WINDOWS\System32\KERNELBASE.dll
0x00007ffb06590000 - 0x00007ffb0668a000 	C:\WINDOWS\System32\ucrtbase.dll
0x00007ffafd530000 - 0x00007ffafd548000 	C:\Users\SIMON\.p2\pool\plugins\org.eclipse.justj.openjdk.hotspot.jre.full.win32.x86_64_17.0.1.v20211116-1657\jre\bin\jli.dll
0x00007ffb08aa0000 - 0x00007ffb08c34000 	C:\WINDOWS\System32\USER32.dll
0x00007ffb06560000 - 0x00007ffb06581000 	C:\WINDOWS\System32\win32u.dll
0x00007ffb080f0000 - 0x00007ffb08116000 	C:\WINDOWS\System32\GDI32.dll
0x00007ffb06d70000 - 0x00007ffb06f06000 	C:\WINDOWS\System32\gdi32full.dll
0x00007ffb06cd0000 - 0x00007ffb06d6e000 	C:\WINDOWS\System32\msvcp_win.dll
0x00007ffafcad0000 - 0x00007ffafcae9000 	C:\Users\SIMON\.p2\pool\plugins\org.eclipse.justj.openjdk.hotspot.jre.full.win32.x86_64_17.0.1.v20211116-1657\jre\bin\VCRUNTIME140.dll
0x00007ffaf5540000 - 0x00007ffaf57c4000 	C:\WINDOWS\WinSxS\amd64_microsoft.windows.common-controls_6595b64144ccf1df_6.0.18362.1256_none_9e7e379be45e40e2\COMCTL32.dll
0x00007ffb078f0000 - 0x00007ffb0798e000 	C:\WINDOWS\System32\msvcrt.dll
0x00007ffb07990000 - 0x00007ffb07cc6000 	C:\WINDOWS\System32\combase.dll
0x00007ffb07d60000 - 0x00007ffb07e80000 	C:\WINDOWS\System32\RPCRT4.dll
0x00007ffb06a90000 - 0x00007ffb06b11000 	C:\WINDOWS\System32\bcryptPrimitives.dll
0x00007ffb07cd0000 - 0x00007ffb07cfe000 	C:\WINDOWS\System32\IMM32.DLL
0x00007ffaffb20000 - 0x00007ffaffb2c000 	C:\Users\SIMON\.p2\pool\plugins\org.eclipse.justj.openjdk.hotspot.jre.full.win32.x86_64_17.0.1.v20211116-1657\jre\bin\vcruntime140_1.dll
0x00007ffae9920000 - 0x00007ffae99b1000 	C:\Users\SIMON\.p2\pool\plugins\org.eclipse.justj.openjdk.hotspot.jre.full.win32.x86_64_17.0.1.v20211116-1657\jre\bin\msvcp140.dll
0x00007ffa9f740000 - 0x00007ffaa0386000 	C:\Users\SIMON\.p2\pool\plugins\org.eclipse.justj.openjdk.hotspot.jre.full.win32.x86_64_17.0.1.v20211116-1657\jre\bin\server\jvm.dll
0x00007ffb089f0000 - 0x00007ffb08a93000 	C:\WINDOWS\System32\ADVAPI32.dll
0x00007ffb07ef0000 - 0x00007ffb07f87000 	C:\WINDOWS\System32\sechost.dll
0x00007ffb089e0000 - 0x00007ffb089e8000 	C:\WINDOWS\System32\PSAPI.DLL
0x00007ffb04ae0000 - 0x00007ffb04ae9000 	C:\WINDOWS\SYSTEM32\WSOCK32.dll
0x00007ffb081f0000 - 0x00007ffb0825f000 	C:\WINDOWS\System32\WS2_32.dll
0x00007ffb03850000 - 0x00007ffb03874000 	C:\WINDOWS\SYSTEM32\WINMM.dll
0x00007ffaf83d0000 - 0x00007ffaf83da000 	C:\WINDOWS\SYSTEM32\VERSION.dll
0x00007ffb03820000 - 0x00007ffb0384d000 	C:\WINDOWS\SYSTEM32\WINMMBASE.dll
0x00007ffb066c0000 - 0x00007ffb0670a000 	C:\WINDOWS\System32\cfgmgr32.dll
0x00007ffb05d10000 - 0x00007ffb05d21000 	C:\WINDOWS\System32\kernel.appcore.dll
0x00007ffafcaa0000 - 0x00007ffafcaaa000 	C:\Users\SIMON\.p2\pool\plugins\org.eclipse.justj.openjdk.hotspot.jre.full.win32.x86_64_17.0.1.v20211116-1657\jre\bin\jimage.dll
0x00007ffb048c0000 - 0x00007ffb04ab4000 	C:\WINDOWS\SYSTEM32\DBGHELP.DLL
0x00007ffaf8380000 - 0x00007ffaf83aa000 	C:\WINDOWS\SYSTEM32\dbgcore.DLL
0x00007ffaf6030000 - 0x00007ffaf6055000 	C:\Users\SIMON\.p2\pool\plugins\org.eclipse.justj.openjdk.hotspot.jre.full.win32.x86_64_17.0.1.v20211116-1657\jre\bin\java.dll
0x00007ffafca60000 - 0x00007ffafca78000 	C:\Users\SIMON\.p2\pool\plugins\org.eclipse.justj.openjdk.hotspot.jre.full.win32.x86_64_17.0.1.v20211116-1657\jre\bin\zip.dll
0x00007ffb08260000 - 0x00007ffb08947000 	C:\WINDOWS\System32\SHELL32.dll
0x00007ffb08c50000 - 0x00007ffb08cf9000 	C:\WINDOWS\System32\shcore.dll
0x00007ffb05dd0000 - 0x00007ffb06551000 	C:\WINDOWS\System32\windows.storage.dll
0x00007ffb05da0000 - 0x00007ffb05dc3000 	C:\WINDOWS\System32\profapi.dll
0x00007ffb05d30000 - 0x00007ffb05d7a000 	C:\WINDOWS\System32\powrprof.dll
0x00007ffb05d00000 - 0x00007ffb05d10000 	C:\WINDOWS\System32\UMPDC.dll
0x00007ffb07890000 - 0x00007ffb078e2000 	C:\WINDOWS\System32\shlwapi.dll
0x00007ffb06a70000 - 0x00007ffb06a87000 	C:\WINDOWS\System32\cryptsp.dll
0x00007ffaf5ea0000 - 0x00007ffaf5eb9000 	C:\Users\SIMON\.p2\pool\plugins\org.eclipse.justj.openjdk.hotspot.jre.full.win32.x86_64_17.0.1.v20211116-1657\jre\bin\net.dll
0x00007ffaf87a0000 - 0x00007ffaf8890000 	C:\WINDOWS\SYSTEM32\WINHTTP.dll
0x00007ffb054a0000 - 0x00007ffb05507000 	C:\WINDOWS\system32\mswsock.dll
0x00007ffaf5e20000 - 0x00007ffaf5e35000 	C:\Users\SIMON\.p2\pool\plugins\org.eclipse.justj.openjdk.hotspot.jre.full.win32.x86_64_17.0.1.v20211116-1657\jre\bin\nio.dll
0x00007ffafc9d0000 - 0x00007ffafc9e0000 	C:\Users\SIMON\.p2\pool\plugins\org.eclipse.justj.openjdk.hotspot.jre.full.win32.x86_64_17.0.1.v20211116-1657\jre\bin\verify.dll
0x00007ffafd560000 - 0x00007ffafd569000 	C:\Users\SIMON\.p2\pool\plugins\org.eclipse.justj.openjdk.hotspot.jre.full.win32.x86_64_17.0.1.v20211116-1657\jre\bin\management.dll
0x00007ffafd550000 - 0x00007ffafd55b000 	C:\Users\SIMON\.p2\pool\plugins\org.eclipse.justj.openjdk.hotspot.jre.full.win32.x86_64_17.0.1.v20211116-1657\jre\bin\management_ext.dll
0x00007ffaedd40000 - 0x00007ffaedd56000 	C:\WINDOWS\system32\napinsp.dll
0x00007ffaedca0000 - 0x00007ffaedcba000 	C:\WINDOWS\system32\pnrpnsp.dll
0x00007ffb05210000 - 0x00007ffb052db000 	C:\WINDOWS\SYSTEM32\DNSAPI.dll
0x00007ffb08c40000 - 0x00007ffb08c48000 	C:\WINDOWS\System32\NSI.dll
0x00007ffb051c0000 - 0x00007ffb051fa000 	C:\WINDOWS\SYSTEM32\IPHLPAPI.DLL
0x00007ffaee120000 - 0x00007ffaee12e000 	C:\WINDOWS\System32\winrnr.dll
0x00007ffb01a70000 - 0x00007ffb01a8c000 	C:\WINDOWS\system32\NLAapi.dll
0x00007ffaec500000 - 0x00007ffaec515000 	C:\WINDOWS\system32\wshbth.dll
0x00007ffaf6f30000 - 0x00007ffaf6f3a000 	C:\Windows\System32\rasadhlp.dll
0x00007ffaf8aa0000 - 0x00007ffaf8b17000 	C:\WINDOWS\System32\fwpuclnt.dll
0x00007ffb06690000 - 0x00007ffb066b6000 	C:\WINDOWS\System32\bcrypt.dll
0x00007ffb05020000 - 0x00007ffb05053000 	C:\WINDOWS\system32\rsaenh.dll
0x00007ffb05be0000 - 0x00007ffb05c05000 	C:\WINDOWS\SYSTEM32\USERENV.dll
0x00007ffb05620000 - 0x00007ffb0562c000 	C:\WINDOWS\SYSTEM32\CRYPTBASE.dll
0x00007ffaf9050000 - 0x00007ffaf9066000 	C:\WINDOWS\SYSTEM32\dhcpcsvc6.DLL
0x00007ffaf9030000 - 0x00007ffaf904c000 	C:\WINDOWS\SYSTEM32\dhcpcsvc.DLL
0x0000000067740000 - 0x0000000067818000 	C:\Users\SIMON\AppData\Local\Temp\sqlite-3.34.0-cd791a51-a21f-4ad1-8578-76e2001c9179-sqlitejdbc.dll
0x00007ffafca30000 - 0x00007ffafca3e000 	C:\Users\SIMON\.p2\pool\plugins\org.eclipse.justj.openjdk.hotspot.jre.full.win32.x86_64_17.0.1.v20211116-1657\jre\bin\sunmscapi.dll
0x00007ffb06b80000 - 0x00007ffb06cc9000 	C:\WINDOWS\System32\CRYPT32.dll
0x00007ffb05d80000 - 0x00007ffb05d92000 	C:\WINDOWS\System32\MSASN1.dll
0x00007ffb05790000 - 0x00007ffb057b6000 	C:\WINDOWS\SYSTEM32\ncrypt.dll
0x00007ffb05750000 - 0x00007ffb0578b000 	C:\WINDOWS\SYSTEM32\NTASN1.dll
0x00007ffafff10000 - 0x00007ffafff17000 	C:\WINDOWS\system32\wshunix.dll

dbghelp: loaded successfully - version: 4.0.5 - missing functions: none
symbol engine: initialized successfully - sym options: 0x614 - pdb path: .;C:\Users\SIMON\.p2\pool\plugins\org.eclipse.justj.openjdk.hotspot.jre.full.win32.x86_64_17.0.1.v20211116-1657\jre\bin;C:\WINDOWS\SYSTEM32;C:\Program Files\Avast Software\Avast;C:\WINDOWS\WinSxS\amd64_microsoft.windows.common-controls_6595b64144ccf1df_6.0.18362.1256_none_9e7e379be45e40e2;C:\Users\SIMON\.p2\pool\plugins\org.eclipse.justj.openjdk.hotspot.jre.full.win32.x86_64_17.0.1.v20211116-1657\jre\bin\server;C:\Users\SIMON\AppData\Local\Temp

VM Arguments:
jvm_args: -Dfile.encoding=UTF-8 -XX:+ShowCodeDetailsInExceptionMessages 
java_command: com.simon.jumiainterview.countryphonenumber.CountryPhoneNumberApplication
java_class_path (initial): D:\Spring\country-phone-number\target\classes;C:\Users\SIMON\.m2\repository\org\springframework\boot\spring-boot-starter-data-jpa\2.6.3\spring-boot-starter-data-jpa-2.6.3.jar;C:\Users\SIMON\.m2\repository\org\springframework\boot\spring-boot-starter-aop\2.6.3\spring-boot-starter-aop-2.6.3.jar;C:\Users\SIMON\.m2\repository\org\springframework\spring-aop\5.3.15\spring-aop-5.3.15.jar;C:\Users\SIMON\.m2\repository\org\aspectj\aspectjweaver\1.9.7\aspectjweaver-1.9.7.jar;C:\Users\SIMON\.m2\repository\org\springframework\boot\spring-boot-starter-jdbc\2.6.3\spring-boot-starter-jdbc-2.6.3.jar;C:\Users\SIMON\.m2\repository\com\zaxxer\HikariCP\4.0.3\HikariCP-4.0.3.jar;C:\Users\SIMON\.m2\repository\org\springframework\spring-jdbc\5.3.15\spring-jdbc-5.3.15.jar;C:\Users\SIMON\.m2\repository\jakarta\transaction\jakarta.transaction-api\1.3.3\jakarta.transaction-api-1.3.3.jar;C:\Users\SIMON\.m2\repository\jakarta\persistence\jakarta.persistence-api\2.2.3\jakarta.persistence-api-2.2.3.jar;C:\Users\SIMON\.m2\repository\org\hibernate\hibernate-core\5.6.4.Final\hibernate-core-5.6.4.Final.jar;C:\Users\SIMON\.m2\repository\org\jboss\logging\jboss-logging\3.4.3.Final\jboss-logging-3.4.3.Final.jar;C:\Users\SIMON\.m2\repository\net\bytebuddy\byte-buddy\1.11.22\byte-buddy-1.11.22.jar;C:\Users\SIMON\.m2\repository\antlr\antlr\2.7.7\antlr-2.7.7.jar;C:\Users\SIMON\.m2\repository\org\jboss\jandex\2.4.2.Final\jandex-2.4.2.Final.jar;C:\Users\SIMON\.m2\repository\com\fasterxml\classmate\1.5.1\classmate-1.5.1.jar;C:\Users\SIMON\.m2\repository\org\hibernate\common\hibernate-commons-annotations\5.1.2.Final\hibernate-commons-annotations-5.1.2.Final.jar;C:\Users\SIMON\.m2\repository\org\glassfish\jaxb\jaxb-runtime\2.3.5\jaxb-runtime-2.3.5.jar;C:\Users\SIMON\.m2\repository\org\glassfish\jaxb\txw2\2.3.5\txw2-2.3.5.jar;C:\Users\SIMON\.m2\repository\com\sun\istack\istack-commons-runtime\3.0.12\istack-commons-runtime-3.0.12.jar;C:\Users\SIMON\.m2\repository\com\sun\activation\jaka
Launcher Type: SUN_STANDARD

[Global flags]
     intx CICompilerCount                          = 2                                         {product} {ergonomic}
     uint ConcGCThreads                            = 1                                         {product} {ergonomic}
     uint G1ConcRefinementThreads                  = 2                                         {product} {ergonomic}
   size_t G1HeapRegionSize                         = 1048576                                   {product} {ergonomic}
    uintx GCDrainStackTargetSize                   = 64                                        {product} {ergonomic}
   size_t InitialHeapSize                          = 67108864                                  {product} {ergonomic}
   size_t MarkStackSize                            = 4194304                                   {product} {ergonomic}
   size_t MaxHeapSize                              = 1050673152                                {product} {ergonomic}
   size_t MaxNewSize                               = 630194176                                 {product} {ergonomic}
   size_t MinHeapDeltaBytes                        = 1048576                                   {product} {ergonomic}
   size_t MinHeapSize                              = 8388608                                   {product} {ergonomic}
    uintx NonNMethodCodeHeapSize                   = 5826188                                {pd product} {ergonomic}
    uintx NonProfiledCodeHeapSize                  = 122916026                              {pd product} {ergonomic}
    uintx ProfiledCodeHeapSize                     = 122916026                              {pd product} {ergonomic}
    uintx ReservedCodeCacheSize                    = 251658240                              {pd product} {ergonomic}
     bool SegmentedCodeCache                       = true                                      {product} {ergonomic}
     bool ShowCodeDetailsInExceptionMessages       = true                                   {manageable} {command line}
   size_t SoftMaxHeapSize                          = 1050673152                             {manageable} {ergonomic}
     bool UseCompressedClassPointers               = true                           {product lp64_product} {ergonomic}
     bool UseCompressedOops                        = true                           {product lp64_product} {ergonomic}
     bool UseG1GC                                  = true                                      {product} {ergonomic}
     bool UseLargePagesIndividualAllocation        = false                                  {pd product} {ergonomic}

Logging:
Log output configuration:
 #0: stdout all=warning uptime,level,tags
 #1: stderr all=off uptime,level,tags

Environment Variables:
PATH=C:/Users/SIMON/.p2/pool/plugins/org.eclipse.justj.openjdk.hotspot.jre.full.win32.x86_64_17.0.1.v20211116-1657/jre/bin/server;C:/Users/SIMON/.p2/pool/plugins/org.eclipse.justj.openjdk.hotspot.jre.full.win32.x86_64_17.0.1.v20211116-1657/jre/bin;C:\Program Files (x86)\Common Files\Oracle\Java\javapath;C:\WINDOWS\system32;C:\WINDOWS;C:\WINDOWS\System32\Wbem;C:\WINDOWS\System32\WindowsPowerShell\v1.0\;C:\WINDOWS\System32\OpenSSH\;C:\Program Files\nodejs\;C:\bin;C:\xampp\php;C:\ProgramData\ComposerSetup\bin;C:\Program Files\Docker\Docker\resources\bin;C:\ProgramData\DockerDesktop\version-bin;C:\Users\SIMON\AppData\Local\Microsoft\WindowsApps;C:\Users\SIMON\AppData\Roaming\npm;C:\Users\SIMON\AppData\Local\Programs\Microsoft VS Code\bin;C:\Users\SIMON\AppData\Roaming\Composer\vendor\bin;C:\WINDOWS\system32;
USERNAME=SIMON
OS=Windows_NT
PROCESSOR_IDENTIFIER=Intel64 Family 6 Model 76 Stepping 4, GenuineIntel



---------------  S Y S T E M  ---------------

OS:
 Windows 10 , 64 bit Build 18362 (10.0.18362.1110)
OS uptime: 0 days 4:26 hours
Hyper-V role detected

CPU: total 2 (initial active 2) (2 cores per cpu, 1 threads per core) family 6 model 76 stepping 4 microcode 0x410, cx8, cmov, fxsr, mmx, 3dnowpref, sse, sse2, sse3, ssse3, sse4.1, sse4.2, popcnt, tsc, tscinvbit, aes, erms, clmul, clflush, hv

Memory: 4k page, system-wide physical 4001M (283M free)
TotalPageFile size 16289M (AvailPageFile size 2M)
current process WorkingSet (physical memory assigned to process): 64M, peak: 202M
current process commit charge ("private bytes"): 211M, peak: 226M

vm_info: OpenJDK 64-Bit Server VM (17.0.1+12) for windows-amd64 JRE (17.0.1+12), built on Oct 20 2021 07:42:55 by "" with MS VC++ 16.7 (VS2019)

END.
